CRITICAL - 2022-03-28 06:03:13 --> Invalid file: query_invoice.php
#0 /Users/speerbuc/development/freelancer/UniPaymentClient-PHP/UniPaymentClientExample/vendor/codeigniter4/framework/system/View/View.php(198): CodeIgniter\Exceptions\FrameworkException::forInvalidFile('query_invoice.p...')
#1 /Users/speerbuc/development/freelancer/UniPaymentClient-PHP/UniPaymentClientExample/vendor/codeigniter4/framework/system/Common.php(1089): CodeIgniter\View\View->render('query_invoice', Array, true)
#2 /Users/speerbuc/development/freelancer/UniPaymentClient-PHP/UniPaymentClientExample/app/Controllers/Home.php(19): view('query_invoice')
#3 /Users/speerbuc/development/freelancer/UniPaymentClient-PHP/UniPaymentClientExample/vendor/codeigniter4/framework/system/CodeIgniter.php(832): App\Controllers\Home->queryInvoice()
#4 /Users/speerbuc/development/freelancer/UniPaymentClient-PHP/UniPaymentClientExample/vendor/codeigniter4/framework/system/CodeIgniter.php(419): CodeIgniter\CodeIgniter->runController(Object(App\Controllers\Home))
#5 /Users/speerbuc/development/freelancer/UniPaymentClient-PHP/UniPaymentClientExample/vendor/codeigniter4/framework/system/CodeIgniter.php(326): CodeIgniter\CodeIgniter->handleRequest(NULL, Object(Config\Cache), false)
#6 /Users/speerbuc/development/freelancer/UniPaymentClient-PHP/UniPaymentClientExample/public/index.php(37): CodeIgniter\CodeIgniter->run()
#7 /Users/speerbuc/development/freelancer/UniPaymentClient-PHP/UniPaymentClientExample/vendor/codeigniter4/framework/system/Commands/Server/rewrite.php(43): require_once('/Users/speerbuc...')
#8 {main}
CRITICAL - 2022-03-28 06:03:17 --> Invalid file: query_invoice.php
#0 /Users/speerbuc/development/freelancer/UniPaymentClient-PHP/UniPaymentClientExample/vendor/codeigniter4/framework/system/View/View.php(198): CodeIgniter\Exceptions\FrameworkException::forInvalidFile('query_invoice.p...')
#1 /Users/speerbuc/development/freelancer/UniPaymentClient-PHP/UniPaymentClientExample/vendor/codeigniter4/framework/system/Common.php(1089): CodeIgniter\View\View->render('query_invoice', Array, true)
#2 /Users/speerbuc/development/freelancer/UniPaymentClient-PHP/UniPaymentClientExample/app/Controllers/Home.php(19): view('query_invoice')
#3 /Users/speerbuc/development/freelancer/UniPaymentClient-PHP/UniPaymentClientExample/vendor/codeigniter4/framework/system/CodeIgniter.php(832): App\Controllers\Home->queryInvoice()
#4 /Users/speerbuc/development/freelancer/UniPaymentClient-PHP/UniPaymentClientExample/vendor/codeigniter4/framework/system/CodeIgniter.php(419): CodeIgniter\CodeIgniter->runController(Object(App\Controllers\Home))
#5 /Users/speerbuc/development/freelancer/UniPaymentClient-PHP/UniPaymentClientExample/vendor/codeigniter4/framework/system/CodeIgniter.php(326): CodeIgniter\CodeIgniter->handleRequest(NULL, Object(Config\Cache), false)
#6 /Users/speerbuc/development/freelancer/UniPaymentClient-PHP/UniPaymentClientExample/public/index.php(37): CodeIgniter\CodeIgniter->run()
#7 /Users/speerbuc/development/freelancer/UniPaymentClient-PHP/UniPaymentClientExample/vendor/codeigniter4/framework/system/Commands/Server/rewrite.php(43): require_once('/Users/speerbuc...')
#8 {main}
CRITICAL - 2022-03-28 06:03:19 --> Invalid file: query_invoice.php
#0 /Users/speerbuc/development/freelancer/UniPaymentClient-PHP/UniPaymentClientExample/vendor/codeigniter4/framework/system/View/View.php(198): CodeIgniter\Exceptions\FrameworkException::forInvalidFile('query_invoice.p...')
#1 /Users/speerbuc/development/freelancer/UniPaymentClient-PHP/UniPaymentClientExample/vendor/codeigniter4/framework/system/Common.php(1089): CodeIgniter\View\View->render('query_invoice', Array, true)
#2 /Users/speerbuc/development/freelancer/UniPaymentClient-PHP/UniPaymentClientExample/app/Controllers/Home.php(19): view('query_invoice')
#3 /Users/speerbuc/development/freelancer/UniPaymentClient-PHP/UniPaymentClientExample/vendor/codeigniter4/framework/system/CodeIgniter.php(832): App\Controllers\Home->queryInvoice()
#4 /Users/speerbuc/development/freelancer/UniPaymentClient-PHP/UniPaymentClientExample/vendor/codeigniter4/framework/system/CodeIgniter.php(419): CodeIgniter\CodeIgniter->runController(Object(App\Controllers\Home))
#5 /Users/speerbuc/development/freelancer/UniPaymentClient-PHP/UniPaymentClientExample/vendor/codeigniter4/framework/system/CodeIgniter.php(326): CodeIgniter\CodeIgniter->handleRequest(NULL, Object(Config\Cache), false)
#6 /Users/speerbuc/development/freelancer/UniPaymentClient-PHP/UniPaymentClientExample/public/index.php(37): CodeIgniter\CodeIgniter->run()
#7 /Users/speerbuc/development/freelancer/UniPaymentClient-PHP/UniPaymentClientExample/vendor/codeigniter4/framework/system/Commands/Server/rewrite.php(43): require_once('/Users/speerbuc...')
#8 {main}
CRITICAL - 2022-03-28 06:04:12 --> Invalid file: query-invoice.php
#0 /Users/speerbuc/development/freelancer/UniPaymentClient-PHP/UniPaymentClientExample/vendor/codeigniter4/framework/system/View/View.php(198): CodeIgniter\Exceptions\FrameworkException::forInvalidFile('query-invoice.p...')
#1 /Users/speerbuc/development/freelancer/UniPaymentClient-PHP/UniPaymentClientExample/vendor/codeigniter4/framework/system/Common.php(1089): CodeIgniter\View\View->render('query-invoice', Array, true)
#2 /Users/speerbuc/development/freelancer/UniPaymentClient-PHP/UniPaymentClientExample/app/Controllers/Home.php(19): view('query-invoice')
#3 /Users/speerbuc/development/freelancer/UniPaymentClient-PHP/UniPaymentClientExample/vendor/codeigniter4/framework/system/CodeIgniter.php(832): App\Controllers\Home->queryInvoice()
#4 /Users/speerbuc/development/freelancer/UniPaymentClient-PHP/UniPaymentClientExample/vendor/codeigniter4/framework/system/CodeIgniter.php(419): CodeIgniter\CodeIgniter->runController(Object(App\Controllers\Home))
#5 /Users/speerbuc/development/freelancer/UniPaymentClient-PHP/UniPaymentClientExample/vendor/codeigniter4/framework/system/CodeIgniter.php(326): CodeIgniter\CodeIgniter->handleRequest(NULL, Object(Config\Cache), false)
#6 /Users/speerbuc/development/freelancer/UniPaymentClient-PHP/UniPaymentClientExample/public/index.php(37): CodeIgniter\CodeIgniter->run()
#7 /Users/speerbuc/development/freelancer/UniPaymentClient-PHP/UniPaymentClientExample/vendor/codeigniter4/framework/system/Commands/Server/rewrite.php(43): require_once('/Users/speerbuc...')
#8 {main}
CRITICAL - 2022-03-28 06:04:14 --> Invalid file: query-invoice.php
#0 /Users/speerbuc/development/freelancer/UniPaymentClient-PHP/UniPaymentClientExample/vendor/codeigniter4/framework/system/View/View.php(198): CodeIgniter\Exceptions\FrameworkException::forInvalidFile('query-invoice.p...')
#1 /Users/speerbuc/development/freelancer/UniPaymentClient-PHP/UniPaymentClientExample/vendor/codeigniter4/framework/system/Common.php(1089): CodeIgniter\View\View->render('query-invoice', Array, true)
#2 /Users/speerbuc/development/freelancer/UniPaymentClient-PHP/UniPaymentClientExample/app/Controllers/Home.php(19): view('query-invoice')
#3 /Users/speerbuc/development/freelancer/UniPaymentClient-PHP/UniPaymentClientExample/vendor/codeigniter4/framework/system/CodeIgniter.php(832): App\Controllers\Home->queryInvoice()
#4 /Users/speerbuc/development/freelancer/UniPaymentClient-PHP/UniPaymentClientExample/vendor/codeigniter4/framework/system/CodeIgniter.php(419): CodeIgniter\CodeIgniter->runController(Object(App\Controllers\Home))
#5 /Users/speerbuc/development/freelancer/UniPaymentClient-PHP/UniPaymentClientExample/vendor/codeigniter4/framework/system/CodeIgniter.php(326): CodeIgniter\CodeIgniter->handleRequest(NULL, Object(Config\Cache), false)
#6 /Users/speerbuc/development/freelancer/UniPaymentClient-PHP/UniPaymentClientExample/public/index.php(37): CodeIgniter\CodeIgniter->run()
#7 /Users/speerbuc/development/freelancer/UniPaymentClient-PHP/UniPaymentClientExample/vendor/codeigniter4/framework/system/Commands/Server/rewrite.php(43): require_once('/Users/speerbuc...')
#8 {main}
CRITICAL - 2022-03-28 06:04:18 --> Invalid file: query-invoice.php
#0 /Users/speerbuc/development/freelancer/UniPaymentClient-PHP/UniPaymentClientExample/vendor/codeigniter4/framework/system/View/View.php(198): CodeIgniter\Exceptions\FrameworkException::forInvalidFile('query-invoice.p...')
#1 /Users/speerbuc/development/freelancer/UniPaymentClient-PHP/UniPaymentClientExample/vendor/codeigniter4/framework/system/Common.php(1089): CodeIgniter\View\View->render('query-invoice', Array, true)
#2 /Users/speerbuc/development/freelancer/UniPaymentClient-PHP/UniPaymentClientExample/app/Controllers/Home.php(19): view('query-invoice')
#3 /Users/speerbuc/development/freelancer/UniPaymentClient-PHP/UniPaymentClientExample/vendor/codeigniter4/framework/system/CodeIgniter.php(832): App\Controllers\Home->queryInvoice()
#4 /Users/speerbuc/development/freelancer/UniPaymentClient-PHP/UniPaymentClientExample/vendor/codeigniter4/framework/system/CodeIgniter.php(419): CodeIgniter\CodeIgniter->runController(Object(App\Controllers\Home))
#5 /Users/speerbuc/development/freelancer/UniPaymentClient-PHP/UniPaymentClientExample/vendor/codeigniter4/framework/system/CodeIgniter.php(326): CodeIgniter\CodeIgniter->handleRequest(NULL, Object(Config\Cache), false)
#6 /Users/speerbuc/development/freelancer/UniPaymentClient-PHP/UniPaymentClientExample/public/index.php(37): CodeIgniter\CodeIgniter->run()
#7 /Users/speerbuc/development/freelancer/UniPaymentClient-PHP/UniPaymentClientExample/vendor/codeigniter4/framework/system/Commands/Server/rewrite.php(43): require_once('/Users/speerbuc...')
#8 {main}
CRITICAL - 2022-03-28 06:04:19 --> Invalid file: query-invoice.php
#0 /Users/speerbuc/development/freelancer/UniPaymentClient-PHP/UniPaymentClientExample/vendor/codeigniter4/framework/system/View/View.php(198): CodeIgniter\Exceptions\FrameworkException::forInvalidFile('query-invoice.p...')
#1 /Users/speerbuc/development/freelancer/UniPaymentClient-PHP/UniPaymentClientExample/vendor/codeigniter4/framework/system/Common.php(1089): CodeIgniter\View\View->render('query-invoice', Array, true)
#2 /Users/speerbuc/development/freelancer/UniPaymentClient-PHP/UniPaymentClientExample/app/Controllers/Home.php(19): view('query-invoice')
#3 /Users/speerbuc/development/freelancer/UniPaymentClient-PHP/UniPaymentClientExample/vendor/codeigniter4/framework/system/CodeIgniter.php(832): App\Controllers\Home->queryInvoice()
#4 /Users/speerbuc/development/freelancer/UniPaymentClient-PHP/UniPaymentClientExample/vendor/codeigniter4/framework/system/CodeIgniter.php(419): CodeIgniter\CodeIgniter->runController(Object(App\Controllers\Home))
#5 /Users/speerbuc/development/freelancer/UniPaymentClient-PHP/UniPaymentClientExample/vendor/codeigniter4/framework/system/CodeIgniter.php(326): CodeIgniter\CodeIgniter->handleRequest(NULL, Object(Config\Cache), false)
#6 /Users/speerbuc/development/freelancer/UniPaymentClient-PHP/UniPaymentClientExample/public/index.php(37): CodeIgniter\CodeIgniter->run()
#7 /Users/speerbuc/development/freelancer/UniPaymentClient-PHP/UniPaymentClientExample/vendor/codeigniter4/framework/system/Commands/Server/rewrite.php(43): require_once('/Users/speerbuc...')
#8 {main}
CRITICAL - 2022-03-28 06:05:19 --> Invalid file: query-invoice.php
#0 /Users/speerbuc/development/freelancer/UniPaymentClient-PHP/UniPaymentClientExample/vendor/codeigniter4/framework/system/View/View.php(198): CodeIgniter\Exceptions\FrameworkException::forInvalidFile('query-invoice.p...')
#1 /Users/speerbuc/development/freelancer/UniPaymentClient-PHP/UniPaymentClientExample/vendor/codeigniter4/framework/system/Common.php(1089): CodeIgniter\View\View->render('query-invoice', Array, true)
#2 /Users/speerbuc/development/freelancer/UniPaymentClient-PHP/UniPaymentClientExample/app/Controllers/Home.php(19): view('query-invoice')
#3 /Users/speerbuc/development/freelancer/UniPaymentClient-PHP/UniPaymentClientExample/vendor/codeigniter4/framework/system/CodeIgniter.php(832): App\Controllers\Home->queryInvoice()
#4 /Users/speerbuc/development/freelancer/UniPaymentClient-PHP/UniPaymentClientExample/vendor/codeigniter4/framework/system/CodeIgniter.php(419): CodeIgniter\CodeIgniter->runController(Object(App\Controllers\Home))
#5 /Users/speerbuc/development/freelancer/UniPaymentClient-PHP/UniPaymentClientExample/vendor/codeigniter4/framework/system/CodeIgniter.php(326): CodeIgniter\CodeIgniter->handleRequest(NULL, Object(Config\Cache), false)
#6 /Users/speerbuc/development/freelancer/UniPaymentClient-PHP/UniPaymentClientExample/public/index.php(37): CodeIgniter\CodeIgniter->run()
#7 /Users/speerbuc/development/freelancer/UniPaymentClient-PHP/UniPaymentClientExample/vendor/codeigniter4/framework/system/Commands/Server/rewrite.php(43): require_once('/Users/speerbuc...')
#8 {main}
CRITICAL - 2022-03-28 06:05:21 --> Invalid file: query-invoice.php
#0 /Users/speerbuc/development/freelancer/UniPaymentClient-PHP/UniPaymentClientExample/vendor/codeigniter4/framework/system/View/View.php(198): CodeIgniter\Exceptions\FrameworkException::forInvalidFile('query-invoice.p...')
#1 /Users/speerbuc/development/freelancer/UniPaymentClient-PHP/UniPaymentClientExample/vendor/codeigniter4/framework/system/Common.php(1089): CodeIgniter\View\View->render('query-invoice', Array, true)
#2 /Users/speerbuc/development/freelancer/UniPaymentClient-PHP/UniPaymentClientExample/app/Controllers/Home.php(19): view('query-invoice')
#3 /Users/speerbuc/development/freelancer/UniPaymentClient-PHP/UniPaymentClientExample/vendor/codeigniter4/framework/system/CodeIgniter.php(832): App\Controllers\Home->queryInvoice()
#4 /Users/speerbuc/development/freelancer/UniPaymentClient-PHP/UniPaymentClientExample/vendor/codeigniter4/framework/system/CodeIgniter.php(419): CodeIgniter\CodeIgniter->runController(Object(App\Controllers\Home))
#5 /Users/speerbuc/development/freelancer/UniPaymentClient-PHP/UniPaymentClientExample/vendor/codeigniter4/framework/system/CodeIgniter.php(326): CodeIgniter\CodeIgniter->handleRequest(NULL, Object(Config\Cache), false)
#6 /Users/speerbuc/development/freelancer/UniPaymentClient-PHP/UniPaymentClientExample/public/index.php(37): CodeIgniter\CodeIgniter->run()
#7 /Users/speerbuc/development/freelancer/UniPaymentClient-PHP/UniPaymentClientExample/vendor/codeigniter4/framework/system/Commands/Server/rewrite.php(43): require_once('/Users/speerbuc...')
#8 {main}
CRITICAL - 2022-03-28 06:05:25 --> Invalid file: query-invoice.php
#0 /Users/speerbuc/development/freelancer/UniPaymentClient-PHP/UniPaymentClientExample/vendor/codeigniter4/framework/system/View/View.php(198): CodeIgniter\Exceptions\FrameworkException::forInvalidFile('query-invoice.p...')
#1 /Users/speerbuc/development/freelancer/UniPaymentClient-PHP/UniPaymentClientExample/vendor/codeigniter4/framework/system/Common.php(1089): CodeIgniter\View\View->render('query-invoice', Array, true)
#2 /Users/speerbuc/development/freelancer/UniPaymentClient-PHP/UniPaymentClientExample/app/Controllers/Home.php(19): view('query-invoice')
#3 /Users/speerbuc/development/freelancer/UniPaymentClient-PHP/UniPaymentClientExample/vendor/codeigniter4/framework/system/CodeIgniter.php(832): App\Controllers\Home->queryInvoice()
#4 /Users/speerbuc/development/freelancer/UniPaymentClient-PHP/UniPaymentClientExample/vendor/codeigniter4/framework/system/CodeIgniter.php(419): CodeIgniter\CodeIgniter->runController(Object(App\Controllers\Home))
#5 /Users/speerbuc/development/freelancer/UniPaymentClient-PHP/UniPaymentClientExample/vendor/codeigniter4/framework/system/CodeIgniter.php(326): CodeIgniter\CodeIgniter->handleRequest(NULL, Object(Config\Cache), false)
#6 /Users/speerbuc/development/freelancer/UniPaymentClient-PHP/UniPaymentClientExample/public/index.php(37): CodeIgniter\CodeIgniter->run()
#7 /Users/speerbuc/development/freelancer/UniPaymentClient-PHP/UniPaymentClientExample/vendor/codeigniter4/framework/system/Commands/Server/rewrite.php(43): require_once('/Users/speerbuc...')
#8 {main}
CRITICAL - 2022-03-28 06:08:07 --> Invalid file: query-invoice.php
#0 /Users/speerbuc/development/freelancer/UniPaymentClient-PHP/UniPaymentClientExample/vendor/codeigniter4/framework/system/View/View.php(198): CodeIgniter\Exceptions\FrameworkException::forInvalidFile('query-invoice.p...')
#1 /Users/speerbuc/development/freelancer/UniPaymentClient-PHP/UniPaymentClientExample/vendor/codeigniter4/framework/system/Common.php(1089): CodeIgniter\View\View->render('query-invoice', Array, true)
#2 /Users/speerbuc/development/freelancer/UniPaymentClient-PHP/UniPaymentClientExample/app/Controllers/Home.php(19): view('query-invoice')
#3 /Users/speerbuc/development/freelancer/UniPaymentClient-PHP/UniPaymentClientExample/vendor/codeigniter4/framework/system/CodeIgniter.php(832): App\Controllers\Home->queryInvoice()
#4 /Users/speerbuc/development/freelancer/UniPaymentClient-PHP/UniPaymentClientExample/vendor/codeigniter4/framework/system/CodeIgniter.php(419): CodeIgniter\CodeIgniter->runController(Object(App\Controllers\Home))
#5 /Users/speerbuc/development/freelancer/UniPaymentClient-PHP/UniPaymentClientExample/vendor/codeigniter4/framework/system/CodeIgniter.php(326): CodeIgniter\CodeIgniter->handleRequest(NULL, Object(Config\Cache), false)
#6 /Users/speerbuc/development/freelancer/UniPaymentClient-PHP/UniPaymentClientExample/public/index.php(37): CodeIgniter\CodeIgniter->run()
#7 /Users/speerbuc/development/freelancer/UniPaymentClient-PHP/UniPaymentClientExample/vendor/codeigniter4/framework/system/Commands/Server/rewrite.php(43): require_once('/Users/speerbuc...')
#8 {main}
CRITICAL - 2022-03-28 06:08:09 --> Invalid file: query-invoice.php
#0 /Users/speerbuc/development/freelancer/UniPaymentClient-PHP/UniPaymentClientExample/vendor/codeigniter4/framework/system/View/View.php(198): CodeIgniter\Exceptions\FrameworkException::forInvalidFile('query-invoice.p...')
#1 /Users/speerbuc/development/freelancer/UniPaymentClient-PHP/UniPaymentClientExample/vendor/codeigniter4/framework/system/Common.php(1089): CodeIgniter\View\View->render('query-invoice', Array, true)
#2 /Users/speerbuc/development/freelancer/UniPaymentClient-PHP/UniPaymentClientExample/app/Controllers/Home.php(19): view('query-invoice')
#3 /Users/speerbuc/development/freelancer/UniPaymentClient-PHP/UniPaymentClientExample/vendor/codeigniter4/framework/system/CodeIgniter.php(832): App\Controllers\Home->queryInvoice()
#4 /Users/speerbuc/development/freelancer/UniPaymentClient-PHP/UniPaymentClientExample/vendor/codeigniter4/framework/system/CodeIgniter.php(419): CodeIgniter\CodeIgniter->runController(Object(App\Controllers\Home))
#5 /Users/speerbuc/development/freelancer/UniPaymentClient-PHP/UniPaymentClientExample/vendor/codeigniter4/framework/system/CodeIgniter.php(326): CodeIgniter\CodeIgniter->handleRequest(NULL, Object(Config\Cache), false)
#6 /Users/speerbuc/development/freelancer/UniPaymentClient-PHP/UniPaymentClientExample/public/index.php(37): CodeIgniter\CodeIgniter->run()
#7 /Users/speerbuc/development/freelancer/UniPaymentClient-PHP/UniPaymentClientExample/vendor/codeigniter4/framework/system/Commands/Server/rewrite.php(43): require_once('/Users/speerbuc...')
#8 {main}
CRITICAL - 2022-03-28 06:08:10 --> Invalid file: query-invoice.php
#0 /Users/speerbuc/development/freelancer/UniPaymentClient-PHP/UniPaymentClientExample/vendor/codeigniter4/framework/system/View/View.php(198): CodeIgniter\Exceptions\FrameworkException::forInvalidFile('query-invoice.p...')
#1 /Users/speerbuc/development/freelancer/UniPaymentClient-PHP/UniPaymentClientExample/vendor/codeigniter4/framework/system/Common.php(1089): CodeIgniter\View\View->render('query-invoice', Array, true)
#2 /Users/speerbuc/development/freelancer/UniPaymentClient-PHP/UniPaymentClientExample/app/Controllers/Home.php(19): view('query-invoice')
#3 /Users/speerbuc/development/freelancer/UniPaymentClient-PHP/UniPaymentClientExample/vendor/codeigniter4/framework/system/CodeIgniter.php(832): App\Controllers\Home->queryInvoice()
#4 /Users/speerbuc/development/freelancer/UniPaymentClient-PHP/UniPaymentClientExample/vendor/codeigniter4/framework/system/CodeIgniter.php(419): CodeIgniter\CodeIgniter->runController(Object(App\Controllers\Home))
#5 /Users/speerbuc/development/freelancer/UniPaymentClient-PHP/UniPaymentClientExample/vendor/codeigniter4/framework/system/CodeIgniter.php(326): CodeIgniter\CodeIgniter->handleRequest(NULL, Object(Config\Cache), false)
#6 /Users/speerbuc/development/freelancer/UniPaymentClient-PHP/UniPaymentClientExample/public/index.php(37): CodeIgniter\CodeIgniter->run()
#7 /Users/speerbuc/development/freelancer/UniPaymentClient-PHP/UniPaymentClientExample/vendor/codeigniter4/framework/system/Commands/Server/rewrite.php(43): require_once('/Users/speerbuc...')
#8 {main}
CRITICAL - 2022-03-28 06:08:10 --> Invalid file: query-invoice.php
#0 /Users/speerbuc/development/freelancer/UniPaymentClient-PHP/UniPaymentClientExample/vendor/codeigniter4/framework/system/View/View.php(198): CodeIgniter\Exceptions\FrameworkException::forInvalidFile('query-invoice.p...')
#1 /Users/speerbuc/development/freelancer/UniPaymentClient-PHP/UniPaymentClientExample/vendor/codeigniter4/framework/system/Common.php(1089): CodeIgniter\View\View->render('query-invoice', Array, true)
#2 /Users/speerbuc/development/freelancer/UniPaymentClient-PHP/UniPaymentClientExample/app/Controllers/Home.php(19): view('query-invoice')
#3 /Users/speerbuc/development/freelancer/UniPaymentClient-PHP/UniPaymentClientExample/vendor/codeigniter4/framework/system/CodeIgniter.php(832): App\Controllers\Home->queryInvoice()
#4 /Users/speerbuc/development/freelancer/UniPaymentClient-PHP/UniPaymentClientExample/vendor/codeigniter4/framework/system/CodeIgniter.php(419): CodeIgniter\CodeIgniter->runController(Object(App\Controllers\Home))
#5 /Users/speerbuc/development/freelancer/UniPaymentClient-PHP/UniPaymentClientExample/vendor/codeigniter4/framework/system/CodeIgniter.php(326): CodeIgniter\CodeIgniter->handleRequest(NULL, Object(Config\Cache), false)
#6 /Users/speerbuc/development/freelancer/UniPaymentClient-PHP/UniPaymentClientExample/public/index.php(37): CodeIgniter\CodeIgniter->run()
#7 /Users/speerbuc/development/freelancer/UniPaymentClient-PHP/UniPaymentClientExample/vendor/codeigniter4/framework/system/Commands/Server/rewrite.php(43): require_once('/Users/speerbuc...')
#8 {main}
CRITICAL - 2022-03-28 06:08:10 --> Invalid file: query-invoice.php
#0 /Users/speerbuc/development/freelancer/UniPaymentClient-PHP/UniPaymentClientExample/vendor/codeigniter4/framework/system/View/View.php(198): CodeIgniter\Exceptions\FrameworkException::forInvalidFile('query-invoice.p...')
#1 /Users/speerbuc/development/freelancer/UniPaymentClient-PHP/UniPaymentClientExample/vendor/codeigniter4/framework/system/Common.php(1089): CodeIgniter\View\View->render('query-invoice', Array, true)
#2 /Users/speerbuc/development/freelancer/UniPaymentClient-PHP/UniPaymentClientExample/app/Controllers/Home.php(19): view('query-invoice')
#3 /Users/speerbuc/development/freelancer/UniPaymentClient-PHP/UniPaymentClientExample/vendor/codeigniter4/framework/system/CodeIgniter.php(832): App\Controllers\Home->queryInvoice()
#4 /Users/speerbuc/development/freelancer/UniPaymentClient-PHP/UniPaymentClientExample/vendor/codeigniter4/framework/system/CodeIgniter.php(419): CodeIgniter\CodeIgniter->runController(Object(App\Controllers\Home))
#5 /Users/speerbuc/development/freelancer/UniPaymentClient-PHP/UniPaymentClientExample/vendor/codeigniter4/framework/system/CodeIgniter.php(326): CodeIgniter\CodeIgniter->handleRequest(NULL, Object(Config\Cache), false)
#6 /Users/speerbuc/development/freelancer/UniPaymentClient-PHP/UniPaymentClientExample/public/index.php(37): CodeIgniter\CodeIgniter->run()
#7 /Users/speerbuc/development/freelancer/UniPaymentClient-PHP/UniPaymentClientExample/vendor/codeigniter4/framework/system/Commands/Server/rewrite.php(43): require_once('/Users/speerbuc...')
#8 {main}
CRITICAL - 2022-03-28 06:08:10 --> Invalid file: query-invoice.php
#0 /Users/speerbuc/development/freelancer/UniPaymentClient-PHP/UniPaymentClientExample/vendor/codeigniter4/framework/system/View/View.php(198): CodeIgniter\Exceptions\FrameworkException::forInvalidFile('query-invoice.p...')
#1 /Users/speerbuc/development/freelancer/UniPaymentClient-PHP/UniPaymentClientExample/vendor/codeigniter4/framework/system/Common.php(1089): CodeIgniter\View\View->render('query-invoice', Array, true)
#2 /Users/speerbuc/development/freelancer/UniPaymentClient-PHP/UniPaymentClientExample/app/Controllers/Home.php(19): view('query-invoice')
#3 /Users/speerbuc/development/freelancer/UniPaymentClient-PHP/UniPaymentClientExample/vendor/codeigniter4/framework/system/CodeIgniter.php(832): App\Controllers\Home->queryInvoice()
#4 /Users/speerbuc/development/freelancer/UniPaymentClient-PHP/UniPaymentClientExample/vendor/codeigniter4/framework/system/CodeIgniter.php(419): CodeIgniter\CodeIgniter->runController(Object(App\Controllers\Home))
#5 /Users/speerbuc/development/freelancer/UniPaymentClient-PHP/UniPaymentClientExample/vendor/codeigniter4/framework/system/CodeIgniter.php(326): CodeIgniter\CodeIgniter->handleRequest(NULL, Object(Config\Cache), false)
#6 /Users/speerbuc/development/freelancer/UniPaymentClient-PHP/UniPaymentClientExample/public/index.php(37): CodeIgniter\CodeIgniter->run()
#7 /Users/speerbuc/development/freelancer/UniPaymentClient-PHP/UniPaymentClientExample/vendor/codeigniter4/framework/system/Commands/Server/rewrite.php(43): require_once('/Users/speerbuc...')
#8 {main}
CRITICAL - 2022-03-28 06:08:13 --> Invalid file: query-invoice.php
#0 /Users/speerbuc/development/freelancer/UniPaymentClient-PHP/UniPaymentClientExample/vendor/codeigniter4/framework/system/View/View.php(198): CodeIgniter\Exceptions\FrameworkException::forInvalidFile('query-invoice.p...')
#1 /Users/speerbuc/development/freelancer/UniPaymentClient-PHP/UniPaymentClientExample/vendor/codeigniter4/framework/system/Common.php(1089): CodeIgniter\View\View->render('query-invoice', Array, true)
#2 /Users/speerbuc/development/freelancer/UniPaymentClient-PHP/UniPaymentClientExample/app/Controllers/Home.php(19): view('query-invoice')
#3 /Users/speerbuc/development/freelancer/UniPaymentClient-PHP/UniPaymentClientExample/vendor/codeigniter4/framework/system/CodeIgniter.php(832): App\Controllers\Home->queryInvoice()
#4 /Users/speerbuc/development/freelancer/UniPaymentClient-PHP/UniPaymentClientExample/vendor/codeigniter4/framework/system/CodeIgniter.php(419): CodeIgniter\CodeIgniter->runController(Object(App\Controllers\Home))
#5 /Users/speerbuc/development/freelancer/UniPaymentClient-PHP/UniPaymentClientExample/vendor/codeigniter4/framework/system/CodeIgniter.php(326): CodeIgniter\CodeIgniter->handleRequest(NULL, Object(Config\Cache), false)
#6 /Users/speerbuc/development/freelancer/UniPaymentClient-PHP/UniPaymentClientExample/public/index.php(37): CodeIgniter\CodeIgniter->run()
#7 /Users/speerbuc/development/freelancer/UniPaymentClient-PHP/UniPaymentClientExample/vendor/codeigniter4/framework/system/Commands/Server/rewrite.php(43): require_once('/Users/speerbuc...')
#8 {main}
CRITICAL - 2022-03-28 07:05:03 -->  route cannot be found while reverse-routing.
#0 /Users/speerbuc/development/freelancer/UniPaymentClient-PHP/UniPaymentClientExample/vendor/codeigniter4/framework/system/HTTP/RedirectResponse.php(56): CodeIgniter\HTTP\Exceptions\HTTPException::forInvalidRedirectRoute('')
#1 /Users/speerbuc/development/freelancer/UniPaymentClient-PHP/UniPaymentClientExample/vendor/codeigniter4/framework/system/Common.php(832): CodeIgniter\HTTP\RedirectResponse->route(false)
#2 /Users/speerbuc/development/freelancer/UniPaymentClient-PHP/UniPaymentClientExample/app/Controllers/Home.php(23): redirect('http://www.goog...', 'refresh')
#3 /Users/speerbuc/development/freelancer/UniPaymentClient-PHP/UniPaymentClientExample/vendor/codeigniter4/framework/system/CodeIgniter.php(832): App\Controllers\Home->postCreateInvoice()
#4 /Users/speerbuc/development/freelancer/UniPaymentClient-PHP/UniPaymentClientExample/vendor/codeigniter4/framework/system/CodeIgniter.php(419): CodeIgniter\CodeIgniter->runController(Object(App\Controllers\Home))
#5 /Users/speerbuc/development/freelancer/UniPaymentClient-PHP/UniPaymentClientExample/vendor/codeigniter4/framework/system/CodeIgniter.php(326): CodeIgniter\CodeIgniter->handleRequest(NULL, Object(Config\Cache), false)
#6 /Users/speerbuc/development/freelancer/UniPaymentClient-PHP/UniPaymentClientExample/public/index.php(37): CodeIgniter\CodeIgniter->run()
#7 /Users/speerbuc/development/freelancer/UniPaymentClient-PHP/UniPaymentClientExample/vendor/codeigniter4/framework/system/Commands/Server/rewrite.php(43): require_once('/Users/speerbuc...')
#8 {main}
CRITICAL - 2022-03-28 07:07:52 --> Call to undefined function App\Controllers\to()
#0 /Users/speerbuc/development/freelancer/UniPaymentClient-PHP/UniPaymentClientExample/vendor/codeigniter4/framework/system/CodeIgniter.php(832): App\Controllers\Home->postCreateInvoice()
#1 /Users/speerbuc/development/freelancer/UniPaymentClient-PHP/UniPaymentClientExample/vendor/codeigniter4/framework/system/CodeIgniter.php(419): CodeIgniter\CodeIgniter->runController(Object(App\Controllers\Home))
#2 /Users/speerbuc/development/freelancer/UniPaymentClient-PHP/UniPaymentClientExample/vendor/codeigniter4/framework/system/CodeIgniter.php(326): CodeIgniter\CodeIgniter->handleRequest(NULL, Object(Config\Cache), false)
#3 /Users/speerbuc/development/freelancer/UniPaymentClient-PHP/UniPaymentClientExample/public/index.php(37): CodeIgniter\CodeIgniter->run()
#4 /Users/speerbuc/development/freelancer/UniPaymentClient-PHP/UniPaymentClientExample/vendor/codeigniter4/framework/system/Commands/Server/rewrite.php(43): require_once('/Users/speerbuc...')
#5 {main}
CRITICAL - 2022-03-28 07:08:07 --> Call to undefined function App\Controllers\to()
#0 /Users/speerbuc/development/freelancer/UniPaymentClient-PHP/UniPaymentClientExample/vendor/codeigniter4/framework/system/CodeIgniter.php(832): App\Controllers\Home->postCreateInvoice()
#1 /Users/speerbuc/development/freelancer/UniPaymentClient-PHP/UniPaymentClientExample/vendor/codeigniter4/framework/system/CodeIgniter.php(419): CodeIgniter\CodeIgniter->runController(Object(App\Controllers\Home))
#2 /Users/speerbuc/development/freelancer/UniPaymentClient-PHP/UniPaymentClientExample/vendor/codeigniter4/framework/system/CodeIgniter.php(326): CodeIgniter\CodeIgniter->handleRequest(NULL, Object(Config\Cache), false)
#3 /Users/speerbuc/development/freelancer/UniPaymentClient-PHP/UniPaymentClientExample/public/index.php(37): CodeIgniter\CodeIgniter->run()
#4 /Users/speerbuc/development/freelancer/UniPaymentClient-PHP/UniPaymentClientExample/vendor/codeigniter4/framework/system/Commands/Server/rewrite.php(43): require_once('/Users/speerbuc...')
#5 {main}
CRITICAL - 2022-03-28 08:26:54 --> Call to undefined method App\Controllers\Home::view()
#0 /Users/speerbuc/development/freelancer/UniPaymentClient-PHP/UniPaymentClientExample/vendor/codeigniter4/framework/system/CodeIgniter.php(832): App\Controllers\Home->createInvoice()
#1 /Users/speerbuc/development/freelancer/UniPaymentClient-PHP/UniPaymentClientExample/vendor/codeigniter4/framework/system/CodeIgniter.php(419): CodeIgniter\CodeIgniter->runController(Object(App\Controllers\Home))
#2 /Users/speerbuc/development/freelancer/UniPaymentClient-PHP/UniPaymentClientExample/vendor/codeigniter4/framework/system/CodeIgniter.php(326): CodeIgniter\CodeIgniter->handleRequest(NULL, Object(Config\Cache), false)
#3 /Users/speerbuc/development/freelancer/UniPaymentClient-PHP/UniPaymentClientExample/public/index.php(37): CodeIgniter\CodeIgniter->run()
#4 /Users/speerbuc/development/freelancer/UniPaymentClient-PHP/UniPaymentClientExample/vendor/codeigniter4/framework/system/Commands/Server/rewrite.php(43): require_once('/Users/speerbuc...')
#5 {main}
CRITICAL - 2022-03-28 08:32:28 --> Call to a member function view() on null
#0 /Users/speerbuc/development/freelancer/UniPaymentClient-PHP/UniPaymentClientExample/vendor/codeigniter4/framework/system/CodeIgniter.php(832): App\Controllers\Home->createInvoice()
#1 /Users/speerbuc/development/freelancer/UniPaymentClient-PHP/UniPaymentClientExample/vendor/codeigniter4/framework/system/CodeIgniter.php(419): CodeIgniter\CodeIgniter->runController(Object(App\Controllers\Home))
#2 /Users/speerbuc/development/freelancer/UniPaymentClient-PHP/UniPaymentClientExample/vendor/codeigniter4/framework/system/CodeIgniter.php(326): CodeIgniter\CodeIgniter->handleRequest(NULL, Object(Config\Cache), false)
#3 /Users/speerbuc/development/freelancer/UniPaymentClient-PHP/UniPaymentClientExample/public/index.php(37): CodeIgniter\CodeIgniter->run()
#4 /Users/speerbuc/development/freelancer/UniPaymentClient-PHP/UniPaymentClientExample/vendor/codeigniter4/framework/system/Commands/Server/rewrite.php(43): require_once('/Users/speerbuc...')
#5 {main}
CRITICAL - 2022-03-28 12:35:59 --> Use of undefined constant pageTitle - assumed 'pageTitle' (this will throw an Error in a future version of PHP)
#0 /Users/speerbuc/development/freelancer/UniPaymentClient-PHP/UniPaymentClientExample/app/Views/create_invoice.php(7): CodeIgniter\Debug\Exceptions->errorHandler(2, 'Use of undefine...', '/Users/speerbuc...', 7, Array)
#1 /Users/speerbuc/development/freelancer/UniPaymentClient-PHP/UniPaymentClientExample/vendor/codeigniter4/framework/system/View/View.php(210): include('/Users/speerbuc...')
#2 /Users/speerbuc/development/freelancer/UniPaymentClient-PHP/UniPaymentClientExample/vendor/codeigniter4/framework/system/View/View.php(213): CodeIgniter\View\View->CodeIgniter\View\{closure}()
#3 /Users/speerbuc/development/freelancer/UniPaymentClient-PHP/UniPaymentClientExample/vendor/codeigniter4/framework/system/Common.php(1089): CodeIgniter\View\View->render('create_invoice', Array, true)
#4 /Users/speerbuc/development/freelancer/UniPaymentClient-PHP/UniPaymentClientExample/app/Controllers/Home.php(17): view('create_invoice', Array)
#5 /Users/speerbuc/development/freelancer/UniPaymentClient-PHP/UniPaymentClientExample/vendor/codeigniter4/framework/system/CodeIgniter.php(832): App\Controllers\Home->index()
#6 /Users/speerbuc/development/freelancer/UniPaymentClient-PHP/UniPaymentClientExample/vendor/codeigniter4/framework/system/CodeIgniter.php(419): CodeIgniter\CodeIgniter->runController(Object(App\Controllers\Home))
#7 /Users/speerbuc/development/freelancer/UniPaymentClient-PHP/UniPaymentClientExample/vendor/codeigniter4/framework/system/CodeIgniter.php(326): CodeIgniter\CodeIgniter->handleRequest(NULL, Object(Config\Cache), false)
#8 /Users/speerbuc/development/freelancer/UniPaymentClient-PHP/UniPaymentClientExample/public/index.php(37): CodeIgniter\CodeIgniter->run()
#9 /Users/speerbuc/development/freelancer/UniPaymentClient-PHP/UniPaymentClientExample/vendor/codeigniter4/framework/system/Commands/Server/rewrite.php(43): require_once('/Users/speerbuc...')
#10 {main}
CRITICAL - 2022-03-28 12:36:01 --> Use of undefined constant pageTitle - assumed 'pageTitle' (this will throw an Error in a future version of PHP)
#0 /Users/speerbuc/development/freelancer/UniPaymentClient-PHP/UniPaymentClientExample/app/Views/create_invoice.php(7): CodeIgniter\Debug\Exceptions->errorHandler(2, 'Use of undefine...', '/Users/speerbuc...', 7, Array)
#1 /Users/speerbuc/development/freelancer/UniPaymentClient-PHP/UniPaymentClientExample/vendor/codeigniter4/framework/system/View/View.php(210): include('/Users/speerbuc...')
#2 /Users/speerbuc/development/freelancer/UniPaymentClient-PHP/UniPaymentClientExample/vendor/codeigniter4/framework/system/View/View.php(213): CodeIgniter\View\View->CodeIgniter\View\{closure}()
#3 /Users/speerbuc/development/freelancer/UniPaymentClient-PHP/UniPaymentClientExample/vendor/codeigniter4/framework/system/Common.php(1089): CodeIgniter\View\View->render('create_invoice', Array, true)
#4 /Users/speerbuc/development/freelancer/UniPaymentClient-PHP/UniPaymentClientExample/app/Controllers/Home.php(17): view('create_invoice', Array)
#5 /Users/speerbuc/development/freelancer/UniPaymentClient-PHP/UniPaymentClientExample/vendor/codeigniter4/framework/system/CodeIgniter.php(832): App\Controllers\Home->index()
#6 /Users/speerbuc/development/freelancer/UniPaymentClient-PHP/UniPaymentClientExample/vendor/codeigniter4/framework/system/CodeIgniter.php(419): CodeIgniter\CodeIgniter->runController(Object(App\Controllers\Home))
#7 /Users/speerbuc/development/freelancer/UniPaymentClient-PHP/UniPaymentClientExample/vendor/codeigniter4/framework/system/CodeIgniter.php(326): CodeIgniter\CodeIgniter->handleRequest(NULL, Object(Config\Cache), false)
#8 /Users/speerbuc/development/freelancer/UniPaymentClient-PHP/UniPaymentClientExample/public/index.php(37): CodeIgniter\CodeIgniter->run()
#9 /Users/speerbuc/development/freelancer/UniPaymentClient-PHP/UniPaymentClientExample/vendor/codeigniter4/framework/system/Commands/Server/rewrite.php(43): require_once('/Users/speerbuc...')
#10 {main}
CRITICAL - 2022-03-28 12:36:02 --> Use of undefined constant pageTitle - assumed 'pageTitle' (this will throw an Error in a future version of PHP)
#0 /Users/speerbuc/development/freelancer/UniPaymentClient-PHP/UniPaymentClientExample/app/Views/create_invoice.php(7): CodeIgniter\Debug\Exceptions->errorHandler(2, 'Use of undefine...', '/Users/speerbuc...', 7, Array)
#1 /Users/speerbuc/development/freelancer/UniPaymentClient-PHP/UniPaymentClientExample/vendor/codeigniter4/framework/system/View/View.php(210): include('/Users/speerbuc...')
#2 /Users/speerbuc/development/freelancer/UniPaymentClient-PHP/UniPaymentClientExample/vendor/codeigniter4/framework/system/View/View.php(213): CodeIgniter\View\View->CodeIgniter\View\{closure}()
#3 /Users/speerbuc/development/freelancer/UniPaymentClient-PHP/UniPaymentClientExample/vendor/codeigniter4/framework/system/Common.php(1089): CodeIgniter\View\View->render('create_invoice', Array, true)
#4 /Users/speerbuc/development/freelancer/UniPaymentClient-PHP/UniPaymentClientExample/app/Controllers/Home.php(17): view('create_invoice', Array)
#5 /Users/speerbuc/development/freelancer/UniPaymentClient-PHP/UniPaymentClientExample/vendor/codeigniter4/framework/system/CodeIgniter.php(832): App\Controllers\Home->index()
#6 /Users/speerbuc/development/freelancer/UniPaymentClient-PHP/UniPaymentClientExample/vendor/codeigniter4/framework/system/CodeIgniter.php(419): CodeIgniter\CodeIgniter->runController(Object(App\Controllers\Home))
#7 /Users/speerbuc/development/freelancer/UniPaymentClient-PHP/UniPaymentClientExample/vendor/codeigniter4/framework/system/CodeIgniter.php(326): CodeIgniter\CodeIgniter->handleRequest(NULL, Object(Config\Cache), false)
#8 /Users/speerbuc/development/freelancer/UniPaymentClient-PHP/UniPaymentClientExample/public/index.php(37): CodeIgniter\CodeIgniter->run()
#9 /Users/speerbuc/development/freelancer/UniPaymentClient-PHP/UniPaymentClientExample/vendor/codeigniter4/framework/system/Commands/Server/rewrite.php(43): require_once('/Users/speerbuc...')
#10 {main}
CRITICAL - 2022-03-28 12:36:09 --> Use of undefined constant pageTitle - assumed 'pageTitle' (this will throw an Error in a future version of PHP)
#0 /Users/speerbuc/development/freelancer/UniPaymentClient-PHP/UniPaymentClientExample/app/Views/create_invoice.php(7): CodeIgniter\Debug\Exceptions->errorHandler(2, 'Use of undefine...', '/Users/speerbuc...', 7, Array)
#1 /Users/speerbuc/development/freelancer/UniPaymentClient-PHP/UniPaymentClientExample/vendor/codeigniter4/framework/system/View/View.php(210): include('/Users/speerbuc...')
#2 /Users/speerbuc/development/freelancer/UniPaymentClient-PHP/UniPaymentClientExample/vendor/codeigniter4/framework/system/View/View.php(213): CodeIgniter\View\View->CodeIgniter\View\{closure}()
#3 /Users/speerbuc/development/freelancer/UniPaymentClient-PHP/UniPaymentClientExample/vendor/codeigniter4/framework/system/Common.php(1089): CodeIgniter\View\View->render('create_invoice', Array, true)
#4 /Users/speerbuc/development/freelancer/UniPaymentClient-PHP/UniPaymentClientExample/app/Controllers/Home.php(17): view('create_invoice', Array)
#5 /Users/speerbuc/development/freelancer/UniPaymentClient-PHP/UniPaymentClientExample/vendor/codeigniter4/framework/system/CodeIgniter.php(832): App\Controllers\Home->index()
#6 /Users/speerbuc/development/freelancer/UniPaymentClient-PHP/UniPaymentClientExample/vendor/codeigniter4/framework/system/CodeIgniter.php(419): CodeIgniter\CodeIgniter->runController(Object(App\Controllers\Home))
#7 /Users/speerbuc/development/freelancer/UniPaymentClient-PHP/UniPaymentClientExample/vendor/codeigniter4/framework/system/CodeIgniter.php(326): CodeIgniter\CodeIgniter->handleRequest(NULL, Object(Config\Cache), false)
#8 /Users/speerbuc/development/freelancer/UniPaymentClient-PHP/UniPaymentClientExample/public/index.php(37): CodeIgniter\CodeIgniter->run()
#9 /Users/speerbuc/development/freelancer/UniPaymentClient-PHP/UniPaymentClientExample/vendor/codeigniter4/framework/system/Commands/Server/rewrite.php(43): require_once('/Users/speerbuc...')
#10 {main}
CRITICAL - 2022-03-28 12:36:11 --> Use of undefined constant pageTitle - assumed 'pageTitle' (this will throw an Error in a future version of PHP)
#0 /Users/speerbuc/development/freelancer/UniPaymentClient-PHP/UniPaymentClientExample/app/Views/create_invoice.php(7): CodeIgniter\Debug\Exceptions->errorHandler(2, 'Use of undefine...', '/Users/speerbuc...', 7, Array)
#1 /Users/speerbuc/development/freelancer/UniPaymentClient-PHP/UniPaymentClientExample/vendor/codeigniter4/framework/system/View/View.php(210): include('/Users/speerbuc...')
#2 /Users/speerbuc/development/freelancer/UniPaymentClient-PHP/UniPaymentClientExample/vendor/codeigniter4/framework/system/View/View.php(213): CodeIgniter\View\View->CodeIgniter\View\{closure}()
#3 /Users/speerbuc/development/freelancer/UniPaymentClient-PHP/UniPaymentClientExample/vendor/codeigniter4/framework/system/Common.php(1089): CodeIgniter\View\View->render('create_invoice', Array, true)
#4 /Users/speerbuc/development/freelancer/UniPaymentClient-PHP/UniPaymentClientExample/app/Controllers/Home.php(17): view('create_invoice', Array)
#5 /Users/speerbuc/development/freelancer/UniPaymentClient-PHP/UniPaymentClientExample/vendor/codeigniter4/framework/system/CodeIgniter.php(832): App\Controllers\Home->index()
#6 /Users/speerbuc/development/freelancer/UniPaymentClient-PHP/UniPaymentClientExample/vendor/codeigniter4/framework/system/CodeIgniter.php(419): CodeIgniter\CodeIgniter->runController(Object(App\Controllers\Home))
#7 /Users/speerbuc/development/freelancer/UniPaymentClient-PHP/UniPaymentClientExample/vendor/codeigniter4/framework/system/CodeIgniter.php(326): CodeIgniter\CodeIgniter->handleRequest(NULL, Object(Config\Cache), false)
#8 /Users/speerbuc/development/freelancer/UniPaymentClient-PHP/UniPaymentClientExample/public/index.php(37): CodeIgniter\CodeIgniter->run()
#9 /Users/speerbuc/development/freelancer/UniPaymentClient-PHP/UniPaymentClientExample/vendor/codeigniter4/framework/system/Commands/Server/rewrite.php(43): require_once('/Users/speerbuc...')
#10 {main}
CRITICAL - 2022-03-28 12:36:11 --> Use of undefined constant pageTitle - assumed 'pageTitle' (this will throw an Error in a future version of PHP)
#0 /Users/speerbuc/development/freelancer/UniPaymentClient-PHP/UniPaymentClientExample/app/Views/create_invoice.php(7): CodeIgniter\Debug\Exceptions->errorHandler(2, 'Use of undefine...', '/Users/speerbuc...', 7, Array)
#1 /Users/speerbuc/development/freelancer/UniPaymentClient-PHP/UniPaymentClientExample/vendor/codeigniter4/framework/system/View/View.php(210): include('/Users/speerbuc...')
#2 /Users/speerbuc/development/freelancer/UniPaymentClient-PHP/UniPaymentClientExample/vendor/codeigniter4/framework/system/View/View.php(213): CodeIgniter\View\View->CodeIgniter\View\{closure}()
#3 /Users/speerbuc/development/freelancer/UniPaymentClient-PHP/UniPaymentClientExample/vendor/codeigniter4/framework/system/Common.php(1089): CodeIgniter\View\View->render('create_invoice', Array, true)
#4 /Users/speerbuc/development/freelancer/UniPaymentClient-PHP/UniPaymentClientExample/app/Controllers/Home.php(17): view('create_invoice', Array)
#5 /Users/speerbuc/development/freelancer/UniPaymentClient-PHP/UniPaymentClientExample/vendor/codeigniter4/framework/system/CodeIgniter.php(832): App\Controllers\Home->index()
#6 /Users/speerbuc/development/freelancer/UniPaymentClient-PHP/UniPaymentClientExample/vendor/codeigniter4/framework/system/CodeIgniter.php(419): CodeIgniter\CodeIgniter->runController(Object(App\Controllers\Home))
#7 /Users/speerbuc/development/freelancer/UniPaymentClient-PHP/UniPaymentClientExample/vendor/codeigniter4/framework/system/CodeIgniter.php(326): CodeIgniter\CodeIgniter->handleRequest(NULL, Object(Config\Cache), false)
#8 /Users/speerbuc/development/freelancer/UniPaymentClient-PHP/UniPaymentClientExample/public/index.php(37): CodeIgniter\CodeIgniter->run()
#9 /Users/speerbuc/development/freelancer/UniPaymentClient-PHP/UniPaymentClientExample/vendor/codeigniter4/framework/system/Commands/Server/rewrite.php(43): require_once('/Users/speerbuc...')
#10 {main}
CRITICAL - 2022-03-28 12:37:37 --> Call to a member function view() on null
#0 /Users/speerbuc/development/freelancer/UniPaymentClient-PHP/UniPaymentClientExample/vendor/codeigniter4/framework/system/CodeIgniter.php(832): App\Controllers\Home->createInvoice()
#1 /Users/speerbuc/development/freelancer/UniPaymentClient-PHP/UniPaymentClientExample/vendor/codeigniter4/framework/system/CodeIgniter.php(419): CodeIgniter\CodeIgniter->runController(Object(App\Controllers\Home))
#2 /Users/speerbuc/development/freelancer/UniPaymentClient-PHP/UniPaymentClientExample/vendor/codeigniter4/framework/system/CodeIgniter.php(326): CodeIgniter\CodeIgniter->handleRequest(NULL, Object(Config\Cache), false)
#3 /Users/speerbuc/development/freelancer/UniPaymentClient-PHP/UniPaymentClientExample/public/index.php(37): CodeIgniter\CodeIgniter->run()
#4 /Users/speerbuc/development/freelancer/UniPaymentClient-PHP/UniPaymentClientExample/vendor/codeigniter4/framework/system/Commands/Server/rewrite.php(43): require_once('/Users/speerbuc...')
#5 {main}
CRITICAL - 2022-03-28 12:37:45 --> Call to a member function view() on null
#0 /Users/speerbuc/development/freelancer/UniPaymentClient-PHP/UniPaymentClientExample/vendor/codeigniter4/framework/system/CodeIgniter.php(832): App\Controllers\Home->createInvoice()
#1 /Users/speerbuc/development/freelancer/UniPaymentClient-PHP/UniPaymentClientExample/vendor/codeigniter4/framework/system/CodeIgniter.php(419): CodeIgniter\CodeIgniter->runController(Object(App\Controllers\Home))
#2 /Users/speerbuc/development/freelancer/UniPaymentClient-PHP/UniPaymentClientExample/vendor/codeigniter4/framework/system/CodeIgniter.php(326): CodeIgniter\CodeIgniter->handleRequest(NULL, Object(Config\Cache), false)
#3 /Users/speerbuc/development/freelancer/UniPaymentClient-PHP/UniPaymentClientExample/public/index.php(37): CodeIgniter\CodeIgniter->run()
#4 /Users/speerbuc/development/freelancer/UniPaymentClient-PHP/UniPaymentClientExample/vendor/codeigniter4/framework/system/Commands/Server/rewrite.php(43): require_once('/Users/speerbuc...')
#5 {main}
CRITICAL - 2022-03-28 12:37:47 --> Call to a member function view() on null
#0 /Users/speerbuc/development/freelancer/UniPaymentClient-PHP/UniPaymentClientExample/vendor/codeigniter4/framework/system/CodeIgniter.php(832): App\Controllers\Home->createInvoice()
#1 /Users/speerbuc/development/freelancer/UniPaymentClient-PHP/UniPaymentClientExample/vendor/codeigniter4/framework/system/CodeIgniter.php(419): CodeIgniter\CodeIgniter->runController(Object(App\Controllers\Home))
#2 /Users/speerbuc/development/freelancer/UniPaymentClient-PHP/UniPaymentClientExample/vendor/codeigniter4/framework/system/CodeIgniter.php(326): CodeIgniter\CodeIgniter->handleRequest(NULL, Object(Config\Cache), false)
#3 /Users/speerbuc/development/freelancer/UniPaymentClient-PHP/UniPaymentClientExample/public/index.php(37): CodeIgniter\CodeIgniter->run()
#4 /Users/speerbuc/development/freelancer/UniPaymentClient-PHP/UniPaymentClientExample/vendor/codeigniter4/framework/system/Commands/Server/rewrite.php(43): require_once('/Users/speerbuc...')
#5 {main}
CRITICAL - 2022-03-28 12:37:48 --> Call to a member function view() on null
#0 /Users/speerbuc/development/freelancer/UniPaymentClient-PHP/UniPaymentClientExample/vendor/codeigniter4/framework/system/CodeIgniter.php(832): App\Controllers\Home->createInvoice()
#1 /Users/speerbuc/development/freelancer/UniPaymentClient-PHP/UniPaymentClientExample/vendor/codeigniter4/framework/system/CodeIgniter.php(419): CodeIgniter\CodeIgniter->runController(Object(App\Controllers\Home))
#2 /Users/speerbuc/development/freelancer/UniPaymentClient-PHP/UniPaymentClientExample/vendor/codeigniter4/framework/system/CodeIgniter.php(326): CodeIgniter\CodeIgniter->handleRequest(NULL, Object(Config\Cache), false)
#3 /Users/speerbuc/development/freelancer/UniPaymentClient-PHP/UniPaymentClientExample/public/index.php(37): CodeIgniter\CodeIgniter->run()
#4 /Users/speerbuc/development/freelancer/UniPaymentClient-PHP/UniPaymentClientExample/vendor/codeigniter4/framework/system/Commands/Server/rewrite.php(43): require_once('/Users/speerbuc...')
#5 {main}
CRITICAL - 2022-03-28 12:37:48 --> Call to a member function view() on null
#0 /Users/speerbuc/development/freelancer/UniPaymentClient-PHP/UniPaymentClientExample/vendor/codeigniter4/framework/system/CodeIgniter.php(832): App\Controllers\Home->createInvoice()
#1 /Users/speerbuc/development/freelancer/UniPaymentClient-PHP/UniPaymentClientExample/vendor/codeigniter4/framework/system/CodeIgniter.php(419): CodeIgniter\CodeIgniter->runController(Object(App\Controllers\Home))
#2 /Users/speerbuc/development/freelancer/UniPaymentClient-PHP/UniPaymentClientExample/vendor/codeigniter4/framework/system/CodeIgniter.php(326): CodeIgniter\CodeIgniter->handleRequest(NULL, Object(Config\Cache), false)
#3 /Users/speerbuc/development/freelancer/UniPaymentClient-PHP/UniPaymentClientExample/public/index.php(37): CodeIgniter\CodeIgniter->run()
#4 /Users/speerbuc/development/freelancer/UniPaymentClient-PHP/UniPaymentClientExample/vendor/codeigniter4/framework/system/Commands/Server/rewrite.php(43): require_once('/Users/speerbuc...')
#5 {main}
CRITICAL - 2022-03-28 12:51:06 --> [500] Server error: `POST https://sandbox.unipayment.io/api/invoice/create?createInvoiceRequest=%7B%0A%20%20%20%20%22invoiceId%22%3A%20%22%22%2C%0A%20%20%20%20%22orderId%22%3A%20%22ORDER_123456%22%2C%0A%20%20%20%20%22status%22%3A%20%22%22%2C%0A%20%20%20%20%22isAsc%22%3A%20%22true%22%2C%0A%20%20%20%20%22start%22%3A%20%22%22%2C%0A%20%20%20%20%22end%22%3A%20%22%22%0A%7D` resulted in a `500 Internal Server Error` response:
{"msg":"Server Side Error:Index and length must refer to a location within the string. (Parameter 'length')","code":"SER (truncated...)

#0 /Users/speerbuc/development/freelancer/UniPaymentClient-PHP/UniPaymentClientExample/UniPaymentClient/lib/UniPaymentClient.php(75): UniPayment\Client\UniPaymentClient->createInvoiceWithHttpInfo(Object(UniPayment\Client\Model\QueryInvoiceDto))
#1 /Users/speerbuc/development/freelancer/UniPaymentClient-PHP/UniPaymentClientExample/app/Controllers/Home.php(93): UniPayment\Client\UniPaymentClient->createInvoice(Object(UniPayment\Client\Model\QueryInvoiceDto))
#2 /Users/speerbuc/development/freelancer/UniPaymentClient-PHP/UniPaymentClientExample/vendor/codeigniter4/framework/system/CodeIgniter.php(832): App\Controllers\Home->postQueryInvoice()
#3 /Users/speerbuc/development/freelancer/UniPaymentClient-PHP/UniPaymentClientExample/vendor/codeigniter4/framework/system/CodeIgniter.php(419): CodeIgniter\CodeIgniter->runController(Object(App\Controllers\Home))
#4 /Users/speerbuc/development/freelancer/UniPaymentClient-PHP/UniPaymentClientExample/vendor/codeigniter4/framework/system/CodeIgniter.php(326): CodeIgniter\CodeIgniter->handleRequest(NULL, Object(Config\Cache), false)
#5 /Users/speerbuc/development/freelancer/UniPaymentClient-PHP/UniPaymentClientExample/public/index.php(37): CodeIgniter\CodeIgniter->run()
#6 /Users/speerbuc/development/freelancer/UniPaymentClient-PHP/UniPaymentClientExample/vendor/codeigniter4/framework/system/Commands/Server/rewrite.php(43): require_once('/Users/speerbuc...')
#7 {main}
CRITICAL - 2022-03-28 12:52:47 --> [500] Server error: `POST https://sandbox.unipayment.io/api/invoice/create?createInvoiceRequest=%7B%0A%20%20%20%20%22invoiceId%22%3A%20%22%22%2C%0A%20%20%20%20%22orderId%22%3A%20%22ORDER_123456%22%2C%0A%20%20%20%20%22status%22%3A%20%22%22%2C%0A%20%20%20%20%22isAsc%22%3A%20%22true%22%2C%0A%20%20%20%20%22start%22%3A%20%22%22%2C%0A%20%20%20%20%22end%22%3A%20%22%22%0A%7D` resulted in a `500 Internal Server Error` response:
{"msg":"Server Side Error:Index and length must refer to a location within the string. (Parameter 'length')","code":"SER (truncated...)

#0 /Users/speerbuc/development/freelancer/UniPaymentClient-PHP/UniPaymentClientExample/UniPaymentClient/lib/UniPaymentClient.php(75): UniPayment\Client\UniPaymentClient->createInvoiceWithHttpInfo(Object(UniPayment\Client\Model\QueryInvoiceDto))
#1 /Users/speerbuc/development/freelancer/UniPaymentClient-PHP/UniPaymentClientExample/app/Controllers/Home.php(91): UniPayment\Client\UniPaymentClient->createInvoice(Object(UniPayment\Client\Model\QueryInvoiceDto))
#2 /Users/speerbuc/development/freelancer/UniPaymentClient-PHP/UniPaymentClientExample/vendor/codeigniter4/framework/system/CodeIgniter.php(832): App\Controllers\Home->postQueryInvoice()
#3 /Users/speerbuc/development/freelancer/UniPaymentClient-PHP/UniPaymentClientExample/vendor/codeigniter4/framework/system/CodeIgniter.php(419): CodeIgniter\CodeIgniter->runController(Object(App\Controllers\Home))
#4 /Users/speerbuc/development/freelancer/UniPaymentClient-PHP/UniPaymentClientExample/vendor/codeigniter4/framework/system/CodeIgniter.php(326): CodeIgniter\CodeIgniter->handleRequest(NULL, Object(Config\Cache), false)
#5 /Users/speerbuc/development/freelancer/UniPaymentClient-PHP/UniPaymentClientExample/public/index.php(37): CodeIgniter\CodeIgniter->run()
#6 /Users/speerbuc/development/freelancer/UniPaymentClient-PHP/UniPaymentClientExample/vendor/codeigniter4/framework/system/Commands/Server/rewrite.php(43): require_once('/Users/speerbuc...')
#7 {main}
CRITICAL - 2022-03-28 12:54:12 --> [500] Server error: `POST https://sandbox.unipayment.io/api/invoice/create?createInvoiceRequest=%7B%0A%20%20%20%20%22invoiceId%22%3A%20%22%22%2C%0A%20%20%20%20%22orderId%22%3A%20%22ORDER_123456%22%2C%0A%20%20%20%20%22status%22%3A%20%22%22%2C%0A%20%20%20%20%22isAsc%22%3A%20%22true%22%2C%0A%20%20%20%20%22start%22%3A%20%22%22%2C%0A%20%20%20%20%22end%22%3A%20%22%22%0A%7D` resulted in a `500 Internal Server Error` response:
{"msg":"Server Side Error:Index and length must refer to a location within the string. (Parameter 'length')","code":"SER (truncated...)

#0 /Users/speerbuc/development/freelancer/UniPaymentClient-PHP/UniPaymentClientExample/UniPaymentClient/lib/UniPaymentClient.php(75): UniPayment\Client\UniPaymentClient->createInvoiceWithHttpInfo(Object(UniPayment\Client\Model\QueryInvoiceDto))
#1 /Users/speerbuc/development/freelancer/UniPaymentClient-PHP/UniPaymentClientExample/app/Controllers/Home.php(91): UniPayment\Client\UniPaymentClient->createInvoice(Object(UniPayment\Client\Model\QueryInvoiceDto))
#2 /Users/speerbuc/development/freelancer/UniPaymentClient-PHP/UniPaymentClientExample/vendor/codeigniter4/framework/system/CodeIgniter.php(832): App\Controllers\Home->postQueryInvoice()
#3 /Users/speerbuc/development/freelancer/UniPaymentClient-PHP/UniPaymentClientExample/vendor/codeigniter4/framework/system/CodeIgniter.php(419): CodeIgniter\CodeIgniter->runController(Object(App\Controllers\Home))
#4 /Users/speerbuc/development/freelancer/UniPaymentClient-PHP/UniPaymentClientExample/vendor/codeigniter4/framework/system/CodeIgniter.php(326): CodeIgniter\CodeIgniter->handleRequest(NULL, Object(Config\Cache), false)
#5 /Users/speerbuc/development/freelancer/UniPaymentClient-PHP/UniPaymentClientExample/public/index.php(37): CodeIgniter\CodeIgniter->run()
#6 /Users/speerbuc/development/freelancer/UniPaymentClient-PHP/UniPaymentClientExample/vendor/codeigniter4/framework/system/Commands/Server/rewrite.php(43): require_once('/Users/speerbuc...')
#7 {main}
CRITICAL - 2022-03-28 13:17:14 --> Call to undefined method App\Controllers\Home::respondCreated()
#0 /Users/speerbuc/development/freelancer/UniPaymentClient-PHP/UniPaymentClientExample/vendor/codeigniter4/framework/system/CodeIgniter.php(832): App\Controllers\Home->postQueryInvoice()
#1 /Users/speerbuc/development/freelancer/UniPaymentClient-PHP/UniPaymentClientExample/vendor/codeigniter4/framework/system/CodeIgniter.php(419): CodeIgniter\CodeIgniter->runController(Object(App\Controllers\Home))
#2 /Users/speerbuc/development/freelancer/UniPaymentClient-PHP/UniPaymentClientExample/vendor/codeigniter4/framework/system/CodeIgniter.php(326): CodeIgniter\CodeIgniter->handleRequest(NULL, Object(Config\Cache), false)
#3 /Users/speerbuc/development/freelancer/UniPaymentClient-PHP/UniPaymentClientExample/public/index.php(37): CodeIgniter\CodeIgniter->run()
#4 /Users/speerbuc/development/freelancer/UniPaymentClient-PHP/UniPaymentClientExample/vendor/codeigniter4/framework/system/Commands/Server/rewrite.php(43): require_once('/Users/speerbuc...')
#5 {main}
CRITICAL - 2022-03-28 13:17:33 --> Call to undefined method App\Controllers\Home::respondCreated()
#0 /Users/speerbuc/development/freelancer/UniPaymentClient-PHP/UniPaymentClientExample/vendor/codeigniter4/framework/system/CodeIgniter.php(832): App\Controllers\Home->postQueryInvoice()
#1 /Users/speerbuc/development/freelancer/UniPaymentClient-PHP/UniPaymentClientExample/vendor/codeigniter4/framework/system/CodeIgniter.php(419): CodeIgniter\CodeIgniter->runController(Object(App\Controllers\Home))
#2 /Users/speerbuc/development/freelancer/UniPaymentClient-PHP/UniPaymentClientExample/vendor/codeigniter4/framework/system/CodeIgniter.php(326): CodeIgniter\CodeIgniter->handleRequest(NULL, Object(Config\Cache), false)
#3 /Users/speerbuc/development/freelancer/UniPaymentClient-PHP/UniPaymentClientExample/public/index.php(37): CodeIgniter\CodeIgniter->run()
#4 /Users/speerbuc/development/freelancer/UniPaymentClient-PHP/UniPaymentClientExample/vendor/codeigniter4/framework/system/Commands/Server/rewrite.php(43): require_once('/Users/speerbuc...')
#5 {main}
CRITICAL - 2022-03-28 13:19:21 --> Call to undefined method App\Controllers\Home::respond()
#0 /Users/speerbuc/development/freelancer/UniPaymentClient-PHP/UniPaymentClientExample/vendor/codeigniter4/framework/system/CodeIgniter.php(832): App\Controllers\Home->postQueryInvoice()
#1 /Users/speerbuc/development/freelancer/UniPaymentClient-PHP/UniPaymentClientExample/vendor/codeigniter4/framework/system/CodeIgniter.php(419): CodeIgniter\CodeIgniter->runController(Object(App\Controllers\Home))
#2 /Users/speerbuc/development/freelancer/UniPaymentClient-PHP/UniPaymentClientExample/vendor/codeigniter4/framework/system/CodeIgniter.php(326): CodeIgniter\CodeIgniter->handleRequest(NULL, Object(Config\Cache), false)
#3 /Users/speerbuc/development/freelancer/UniPaymentClient-PHP/UniPaymentClientExample/public/index.php(37): CodeIgniter\CodeIgniter->run()
#4 /Users/speerbuc/development/freelancer/UniPaymentClient-PHP/UniPaymentClientExample/vendor/codeigniter4/framework/system/Commands/Server/rewrite.php(43): require_once('/Users/speerbuc...')
#5 {main}
CRITICAL - 2022-03-28 13:28:15 --> [500] Server error: `POST https://sandbox.unipayment.io/api/invoice/create?createInvoiceRequest=%7B%0A%20%20%20%20%22title%22%3A%20%22Test%20Invoice%22%2C%0A%20%20%20%20%22description%22%3A%20%22Test%20Invoice%22%2C%0A%20%20%20%20%22lang%22%3A%20%22en-US%22%2C%0A%20%20%20%20%22price_amount%22%3A%20%22100%22%2C%0A%20%20%20%20%22price_currency%22%3A%20%22USD%22%2C%0A%20%20%20%20%22pay_currency%22%3A%20%22USDT%22%2C%0A%20%20%20%20%22notify_url%22%3A%20%22http%3A%5C%2F%5C%2Flocalhost%3A8080%5C%2Fcreate-invoice%3Fnotify%22%2C%0A%20%20%20%20%22redirect_url%22%3A%20%22http%3A%5C%2F%5C%2Flocalhost%3A8080%5C%2Fcreate-invoice%3Fredirect%22%2C%0A%20%20%20%20%22order_id%22%3A%20%22de1995cf-9cb9-436a-9083-1082ccbd816b%22%2C%0A%20%20%20%20%22ext_args%22%3A%20%22%22%2C%0A%20%20%20%20%22confirm_speed%22%3A%20%22low%22%0A%7D` resulted in a `500 Internal Server Error` response:
{"msg":"Server Side Error:Index and length must refer to a location within the string. (Parameter 'length')","code":"SER (truncated...)

#0 /Users/speerbuc/development/freelancer/UniPaymentClient-PHP/UniPaymentClientExample/UniPaymentClient/lib/UniPaymentClient.php(75): UniPayment\Client\UniPaymentClient->createInvoiceWithHttpInfo(Object(UniPayment\Client\Model\CreateInvoiceRequest))
#1 /Users/speerbuc/development/freelancer/UniPaymentClient-PHP/UniPaymentClientExample/app/Controllers/Home.php(57): UniPayment\Client\UniPaymentClient->createInvoice(Object(UniPayment\Client\Model\CreateInvoiceRequest))
#2 /Users/speerbuc/development/freelancer/UniPaymentClient-PHP/UniPaymentClientExample/vendor/codeigniter4/framework/system/CodeIgniter.php(832): App\Controllers\Home->postCreateInvoice()
#3 /Users/speerbuc/development/freelancer/UniPaymentClient-PHP/UniPaymentClientExample/vendor/codeigniter4/framework/system/CodeIgniter.php(419): CodeIgniter\CodeIgniter->runController(Object(App\Controllers\Home))
#4 /Users/speerbuc/development/freelancer/UniPaymentClient-PHP/UniPaymentClientExample/vendor/codeigniter4/framework/system/CodeIgniter.php(326): CodeIgniter\CodeIgniter->handleRequest(NULL, Object(Config\Cache), false)
#5 /Users/speerbuc/development/freelancer/UniPaymentClient-PHP/UniPaymentClientExample/public/index.php(37): CodeIgniter\CodeIgniter->run()
#6 /Users/speerbuc/development/freelancer/UniPaymentClient-PHP/UniPaymentClientExample/vendor/codeigniter4/framework/system/Commands/Server/rewrite.php(43): require_once('/Users/speerbuc...')
#7 {main}
CRITICAL - 2022-03-28 13:28:55 --> [500] Server error: `POST https://sandbox.unipayment.io/api/invoice/create?createInvoiceRequest=%7B%0A%20%20%20%20%22title%22%3A%20%22Test%20Invoice%22%2C%0A%20%20%20%20%22description%22%3A%20%22Test%20Invoice%22%2C%0A%20%20%20%20%22lang%22%3A%20%22en-US%22%2C%0A%20%20%20%20%22price_amount%22%3A%20%22100%22%2C%0A%20%20%20%20%22price_currency%22%3A%20%22USD%22%2C%0A%20%20%20%20%22pay_currency%22%3A%20%22USDT%22%2C%0A%20%20%20%20%22notify_url%22%3A%20%22http%3A%5C%2F%5C%2Flocalhost%3A8080%5C%2Fcreate-invoice%3Fnotify%22%2C%0A%20%20%20%20%22redirect_url%22%3A%20%22http%3A%5C%2F%5C%2Flocalhost%3A8080%5C%2Fcreate-invoice%3Fredirect%22%2C%0A%20%20%20%20%22order_id%22%3A%20%22de1995cf-9cb9-436a-9083-1082ccbd816b%22%2C%0A%20%20%20%20%22ext_args%22%3A%20%22%22%2C%0A%20%20%20%20%22confirm_speed%22%3A%20%22low%22%0A%7D` resulted in a `500 Internal Server Error` response:
{"msg":"Server Side Error:Index and length must refer to a location within the string. (Parameter 'length')","code":"SER (truncated...)

#0 /Users/speerbuc/development/freelancer/UniPaymentClient-PHP/UniPaymentClientExample/UniPaymentClient/lib/UniPaymentClient.php(75): UniPayment\Client\UniPaymentClient->createInvoiceWithHttpInfo(Object(UniPayment\Client\Model\CreateInvoiceRequest))
#1 /Users/speerbuc/development/freelancer/UniPaymentClient-PHP/UniPaymentClientExample/app/Controllers/Home.php(57): UniPayment\Client\UniPaymentClient->createInvoice(Object(UniPayment\Client\Model\CreateInvoiceRequest))
#2 /Users/speerbuc/development/freelancer/UniPaymentClient-PHP/UniPaymentClientExample/vendor/codeigniter4/framework/system/CodeIgniter.php(832): App\Controllers\Home->postCreateInvoice()
#3 /Users/speerbuc/development/freelancer/UniPaymentClient-PHP/UniPaymentClientExample/vendor/codeigniter4/framework/system/CodeIgniter.php(419): CodeIgniter\CodeIgniter->runController(Object(App\Controllers\Home))
#4 /Users/speerbuc/development/freelancer/UniPaymentClient-PHP/UniPaymentClientExample/vendor/codeigniter4/framework/system/CodeIgniter.php(326): CodeIgniter\CodeIgniter->handleRequest(NULL, Object(Config\Cache), false)
#5 /Users/speerbuc/development/freelancer/UniPaymentClient-PHP/UniPaymentClientExample/public/index.php(37): CodeIgniter\CodeIgniter->run()
#6 /Users/speerbuc/development/freelancer/UniPaymentClient-PHP/UniPaymentClientExample/vendor/codeigniter4/framework/system/Commands/Server/rewrite.php(43): require_once('/Users/speerbuc...')
#7 {main}
CRITICAL - 2022-03-28 13:29:06 --> [500] Server error: `POST https://sandbox.unipayment.io/api/invoice/create?createInvoiceRequest=%7B%0A%20%20%20%20%22title%22%3A%20%22Test%20Invoice%22%2C%0A%20%20%20%20%22description%22%3A%20%22Test%20Invoice%22%2C%0A%20%20%20%20%22lang%22%3A%20%22en-US%22%2C%0A%20%20%20%20%22price_amount%22%3A%20%22100%22%2C%0A%20%20%20%20%22price_currency%22%3A%20%22USD%22%2C%0A%20%20%20%20%22pay_currency%22%3A%20%22USDT%22%2C%0A%20%20%20%20%22notify_url%22%3A%20%22http%3A%5C%2F%5C%2Flocalhost%3A8080%5C%2Fcreate-invoice%3Fnotify%22%2C%0A%20%20%20%20%22redirect_url%22%3A%20%22http%3A%5C%2F%5C%2Flocalhost%3A8080%5C%2Fcreate-invoice%3Fredirect%22%2C%0A%20%20%20%20%22order_id%22%3A%20%22de1995cf-9cb9-436a-9083-1082ccbd816b%22%2C%0A%20%20%20%20%22ext_args%22%3A%20%22%22%2C%0A%20%20%20%20%22confirm_speed%22%3A%20%22low%22%0A%7D` resulted in a `500 Internal Server Error` response:
{"msg":"Server Side Error:Index and length must refer to a location within the string. (Parameter 'length')","code":"SER (truncated...)

#0 /Users/speerbuc/development/freelancer/UniPaymentClient-PHP/UniPaymentClientExample/UniPaymentClient/lib/UniPaymentClient.php(75): UniPayment\Client\UniPaymentClient->createInvoiceWithHttpInfo(Object(UniPayment\Client\Model\CreateInvoiceRequest))
#1 /Users/speerbuc/development/freelancer/UniPaymentClient-PHP/UniPaymentClientExample/app/Controllers/Home.php(57): UniPayment\Client\UniPaymentClient->createInvoice(Object(UniPayment\Client\Model\CreateInvoiceRequest))
#2 /Users/speerbuc/development/freelancer/UniPaymentClient-PHP/UniPaymentClientExample/vendor/codeigniter4/framework/system/CodeIgniter.php(832): App\Controllers\Home->postCreateInvoice()
#3 /Users/speerbuc/development/freelancer/UniPaymentClient-PHP/UniPaymentClientExample/vendor/codeigniter4/framework/system/CodeIgniter.php(419): CodeIgniter\CodeIgniter->runController(Object(App\Controllers\Home))
#4 /Users/speerbuc/development/freelancer/UniPaymentClient-PHP/UniPaymentClientExample/vendor/codeigniter4/framework/system/CodeIgniter.php(326): CodeIgniter\CodeIgniter->handleRequest(NULL, Object(Config\Cache), false)
#5 /Users/speerbuc/development/freelancer/UniPaymentClient-PHP/UniPaymentClientExample/public/index.php(37): CodeIgniter\CodeIgniter->run()
#6 /Users/speerbuc/development/freelancer/UniPaymentClient-PHP/UniPaymentClientExample/vendor/codeigniter4/framework/system/Commands/Server/rewrite.php(43): require_once('/Users/speerbuc...')
#7 {main}
